<?xml version="1.0" encoding="UTF-8"?>
<testsuite name="Tests" tests="1" skipped="0" failures="0" errors="0" timestamp="2022-09-14T18:36:27" hostname="DESKTOP-I35TGB8" time="0.488">
  <properties/>
  <testcase name="GetOwnerCatList()" classname="Tests" time="0.488"/>
  <system-out><![CDATA[]]></system-out>
  <system-err><![CDATA[]]></system-err>
</testsuite>
